
-----------------------------------------------------------------
[ 01/12/21 13:09:33 ]	Bitwise operations
[ 01/12/21 13:09:44 ]	Bitwise operations done

-----------------------------------------------------------------
[ 01/12/21 13:12:34 ]	Save bitmaps (image inside ROI)
[ 01/12/21 13:12:46 ]	Save bitmaps done

-----------------------------------------------------------------
[ 01/12/21 13:14:31 ]	Save bitmaps (image inside ROI)
[ 01/12/21 13:14:52 ]	Save bitmaps done

-----------------------------------------------------------------
[ 01/12/21 15:05:07 ]	Save bitmaps (image inside ROI)
[ 01/12/21 15:05:26 ]	Save bitmaps done

-----------------------------------------------------------------
[ 01/12/21 15:12:03 ]	Save bitmaps (image inside ROI)
[ 01/12/21 15:12:25 ]	Save bitmaps done

-----------------------------------------------------------------
[ 01/12/21 16:00:40 ]	Save bitmaps (image inside ROI)
[ 01/12/21 16:01:03 ]	Save bitmaps done

-----------------------------------------------------------------
[ 01/12/21 16:04:39 ]	Save bitmaps (only ROI)
[ 01/12/21 16:04:55 ]	Save bitmaps done
